{"/Users/habitat/Desktop/ckui/lib/Button.tsx": {"path":"/Users/habitat/Desktop/ckui/lib/Button.tsx","statementMap":{"0":{"start":{"line":16,"column":8},"end":{"line":16,"column":21}},"1":{"start":{"line":17,"column":8},"end":{"line":18,"column":9}},"2":{"start":{"line":22,"column":8},"end":{"line":27,"column":9}},"3":{"start":{"line":44,"column":47},"end":{"line":64,"column":1}},"4":{"start":{"line":45,"column":22},"end":{"line":45,"column":33}},"5":{"start":{"line":46,"column":24},"end":{"line":48,"column":5}},"6":{"start":{"line":47,"column":8},"end":{"line":47,"column":17}},"7":{"start":{"line":52,"column":4},"end":{"line":54,"column":11}},"8":{"start":{"line":53,"column":8},"end":{"line":53,"column":41}},"9":{"start":{"line":55,"column":4},"end":{"line":55,"column":28}},"10":{"start":{"line":56,"column":4},"end":{"line":63,"column":5}},"11":{"start":{"line":65,"column":0},"end":{"line":65,"column":49}},"12":{"start":{"line":66,"column":0},"end":{"line":66,"column":22}},"13":{"start":{"line":67,"column":0},"end":{"line":67,"column":45}}},"fnMap":{"0":{"name":"(anonymous_0)","decl":{"start":{"line":15,"column":4},"end":{"line":15,"column":5}},"loc":{"start":{"line":15,"column":28},"end":{"line":19,"column":5}},"line":15},"1":{"name":"(anonymous_1)","decl":{"start":{"line":21,"column":4},"end":{"line":21,"column":5}},"loc":{"start":{"line":21,"column":13},"end":{"line":28,"column":5}},"line":21},"2":{"name":"(anonymous_2)","decl":{"start":{"line":44,"column":47},"end":{"line":44,"column":48}},"loc":{"start":{"line":44,"column":58},"end":{"line":64,"column":1}},"line":44},"3":{"name":"(anonymous_3)","decl":{"start":{"line":46,"column":24},"end":{"line":46,"column":25}},"loc":{"start":{"line":46,"column":30},"end":{"line":48,"column":5}},"line":46},"4":{"name":"(anonymous_4)","decl":{"start":{"line":52,"column":14},"end":{"line":52,"column":15}},"loc":{"start":{"line":52,"column":20},"end":{"line":54,"column":5}},"line":52}},"branchMap":{},"s":{"0":1,"1":1,"2":1,"3":1,"4":1,"5":1,"6":0,"7":1,"8":0,"9":1,"10":1,"11":1,"12":1,"13":1},"f":{"0":1,"1":1,"2":1,"3":0,"4":0},"b":{},"_coverageSchema":"43e27e138ebf9cfc5966b082cf9a028302ed4184","hash":"f70d251d5b29c4f228fee18817062380753fa5d4"}
,"/Users/habitat/Desktop/ckui/lib/helppers/classnames.tsx": {"path":"/Users/habitat/Desktop/ckui/lib/helppers/classnames.tsx","statementMap":{"0":{"start":{"line":3,"column":4},"end":{"line":3,"column":42}}},"fnMap":{"0":{"name":"classes","decl":{"start":{"line":1,"column":9},"end":{"line":1,"column":16}},"loc":{"start":{"line":1,"column":51},"end":{"line":4,"column":1}},"line":1}},"branchMap":{},"s":{"0":7},"f":{"0":7},"b":{},"_coverageSchema":"43e27e138ebf9cfc5966b082cf9a028302ed4184","hash":"b689ca6787830ee030cc93acf703e997052201c2"}
,"/Users/habitat/Desktop/ckui/lib/icon/Icon.tsx": {"path":"/Users/habitat/Desktop/ckui/lib/icon/Icon.tsx","statementMap":{"0":{"start":{"line":17,"column":49},"end":{"line":26,"column":1}},"1":{"start":{"line":18,"column":4},"end":{"line":25,"column":5}}},"fnMap":{"0":{"name":"(anonymous_0)","decl":{"start":{"line":17,"column":49},"end":{"line":17,"column":50}},"loc":{"start":{"line":17,"column":93},"end":{"line":26,"column":1}},"line":17}},"branchMap":{},"s":{"0":1,"1":2},"f":{"0":2},"b":{},"_coverageSchema":"43e27e138ebf9cfc5966b082cf9a028302ed4184","hash":"44e9d10274202d08cae18ee547226e039ddfa11d"}
,"/Users/habitat/Desktop/ckui/lib/icon/importAllIcons.js": {"path":"/Users/habitat/Desktop/ckui/lib/icon/importAllIcons.js","statementMap":{"0":{"start":{"line":1,"column":16},"end":{"line":1,"column":81}},"1":{"start":{"line":1,"column":36},"end":{"line":1,"column":81}},"2":{"start":{"line":3,"column":0},"end":{"line":7,"column":1}},"3":{"start":{"line":4,"column":4},"end":{"line":4,"column":59}}},"fnMap":{"0":{"name":"(anonymous_0)","decl":{"start":{"line":1,"column":16},"end":{"line":1,"column":17}},"loc":{"start":{"line":1,"column":36},"end":{"line":1,"column":81}},"line":1}},"branchMap":{},"s":{"0":1,"1":0,"2":1,"3":1},"f":{"0":0},"b":{},"_coverageSchema":"43e27e138ebf9cfc5966b082cf9a028302ed4184","hash":"d6a180289891678ccde6205c59a7e3acc2b3db04"}
}
