TN:
SF:/Users/habitat/Desktop/ckui/lib/Button.tsx
FN:15,(anonymous_0)
FN:21,(anonymous_1)
FN:44,(anonymous_2)
FN:46,(anonymous_3)
FN:52,(anonymous_4)
FNF:5
FNH:3
FNDA:1,(anonymous_0)
FNDA:1,(anonymous_1)
FNDA:1,(anonymous_2)
FNDA:0,(anonymous_3)
FNDA:0,(anonymous_4)
DA:16,1
DA:17,1
DA:22,1
DA:44,1
DA:45,1
DA:46,1
DA:47,0
DA:52,1
DA:53,0
DA:55,1
DA:56,1
DA:65,1
DA:66,1
DA:67,1
LF:14
LH:12
BRF:0
BRH:0
end_of_record
TN:
SF:/Users/habitat/Desktop/ckui/lib/index.tsx
FNF:0
FNH:0
LF:0
LH:0
BRF:0
BRH:0
end_of_record
TN:
SF:/Users/habitat/Desktop/ckui/lib/helppers/classnames.tsx
FN:1,classes
FNF:1
FNH:1
FNDA:7,classes
DA:3,7
LF:1
LH:1
BRF:0
BRH:0
end_of_record
TN:
SF:/Users/habitat/Desktop/ckui/lib/icon/Icon.tsx
FN:17,(anonymous_0)
FNF:1
FNH:1
FNDA:2,(anonymous_0)
DA:17,1
DA:18,2
LF:2
LH:2
BRF:0
BRH:0
end_of_record
TN:
SF:/Users/habitat/Desktop/ckui/lib/types/allTypes.ts
FNF:0
FNH:0
LF:0
LH:0
BRF:0
BRH:0
end_of_record
